-------------------------------------------------------------------------------
Test set: TestSuite
-------------------------------------------------------------------------------
Tests run: 1, Failures: 1, Errors: 0, Skipped: 0, Time elapsed: 23.821 s <<< FAILURE! - in TestSuite
feature(MyRunner.TestRunner)  Time elapsed: 21.773 s  <<< FAILURE!
cucumber.runtime.CucumberException: java.lang.NullPointerException
	at MyRunner.TestRunner.feature(TestRunner.java:33)
Caused by: java.lang.NullPointerException

