<?xml version="1.0" encoding="UTF-8"?>
<!-- Generated by org.testng.reporters.JUnitXMLReporter -->
<testsuite hostname="DESKTOP-8BFIBTM" ignored="0" name="DN_Process" tests="1" failures="1" timestamp="25 Oct 2021 11:32:30 GMT" time="22.516" errors="0">
  <testcase name="feature" time="21.699" classname="MyRunner.TestRunner">
    <failure type="cucumber.runtime.CucumberException" message="java.lang.NullPointerException">
      <![CDATA[cucumber.runtime.CucumberException: java.lang.NullPointerException
at cucumber.api.testng.TestNGCucumberRunner.runCucumber(TestNGCucumberRunner.java:69)
at MyRunner.TestRunner.feature(TestRunner.java:33)
at java.util.concurrent.FutureTask.run(FutureTask.java:266)
at java.util.concurrent.ThreadPoolExecutor.runWorker(ThreadPoolExecutor.java:1149)
at java.util.concurrent.ThreadPoolExecutor$Worker.run(ThreadPoolExecutor.java:624)
at java.lang.Thread.run(Thread.java:748)
Caused by: java.lang.NullPointerException
at pages.CreateEvent.enterCompanyName(CreateEvent.java:132)
at stepDefinitions.CreateEventStep.entercompanyname(CreateEventStep.java:74)
at ✽.Then user enter company name as "app"(C:/Users/hp/eclipse-workspace/Digital-Nirvana/DN_Process/src/main/java/Features/CreateEvent.feature:13)
... Removed 16 stack frames]]>
    </failure>
  </testcase> <!-- feature -->
</testsuite> <!-- DN_Process -->
